<?xml version="1.0" encoding="UTF-8" ?>
<testsuite errors="0" failures="0" hostname="DESKTOP-E276MJP" name="one.testBaiDu" skipped="0" tests="1" time="16.897" timestamp="2020-11-11T11:28:36">
  <properties>
[...]
</properties>
  <testcase classname="one.testBaiDu" name="testbaiduSearch" time="16.561" />
  <system-out><![CDATA[]]></system-out>
  <system-err><![CDATA[十一月 11, 2020 7:28:51 下午 org.openqa.selenium.os.UnixProcess$SeleniumWatchDog destroyHarder
信息: Command failed to close cleanly. Destroying forcefully (v2). org.openqa.selenium.os.UnixProcess$SeleniumWatchDog@52719fb6
]]></system-err>
</testsuite>
